Started analysis of SRR24413065_forward_paired.fq.gz
Started analysis of SRR24413065_forward_unpaired.fq.gz
Approx 5% complete for SRR24413065_forward_unpaired.fq.gz
Approx 10% complete for SRR24413065_forward_unpaired.fq.gz
Approx 15% complete for SRR24413065_forward_unpaired.fq.gz
Approx 20% complete for SRR24413065_forward_unpaired.fq.gz
Approx 25% complete for SRR24413065_forward_unpaired.fq.gz
Approx 30% complete for SRR24413065_forward_unpaired.fq.gz
Started analysis of SRR24413065_reverse_paired.fq.gz
Approx 35% complete for SRR24413065_forward_unpaired.fq.gz
Approx 40% complete for SRR24413065_forward_unpaired.fq.gz
Approx 45% complete for SRR24413065_forward_unpaired.fq.gz
Approx 50% complete for SRR24413065_forward_unpaired.fq.gz
Approx 55% complete for SRR24413065_forward_unpaired.fq.gz
Approx 60% complete for SRR24413065_forward_unpaired.fq.gz
Approx 65% complete for SRR24413065_forward_unpaired.fq.gz
Started analysis of SRR24413065_reverse_unpaired.fq.gz
Analysis complete for SRR24413065_reverse_unpaired.fq.gz
Approx 70% complete for SRR24413065_forward_unpaired.fq.gz
Approx 75% complete for SRR24413065_forward_unpaired.fq.gz
Approx 80% complete for SRR24413065_forward_unpaired.fq.gz
Approx 85% complete for SRR24413065_forward_unpaired.fq.gz
Approx 90% complete for SRR24413065_forward_unpaired.fq.gz
Approx 95% complete for SRR24413065_forward_unpaired.fq.gz
Started analysis of SRR24413071_forward_paired.fq.gz
Analysis complete for SRR24413065_forward_unpaired.fq.gz
Started analysis of SRR24413071_forward_unpaired.fq.gz
Approx 5% complete for SRR24413071_forward_unpaired.fq.gz
Approx 10% complete for SRR24413071_forward_unpaired.fq.gz
Approx 15% complete for SRR24413071_forward_unpaired.fq.gz
Approx 20% complete for SRR24413071_forward_unpaired.fq.gz
Approx 25% complete for SRR24413071_forward_unpaired.fq.gz
Approx 30% complete for SRR24413071_forward_unpaired.fq.gz
Approx 35% complete for SRR24413071_forward_unpaired.fq.gz
Approx 5% complete for SRR24413065_forward_paired.fq.gz
Approx 40% complete for SRR24413071_forward_unpaired.fq.gz
Approx 45% complete for SRR24413071_forward_unpaired.fq.gz
Approx 50% complete for SRR24413071_forward_unpaired.fq.gz
Approx 55% complete for SRR24413071_forward_unpaired.fq.gz
Approx 60% complete for SRR24413071_forward_unpaired.fq.gz
Approx 65% complete for SRR24413071_forward_unpaired.fq.gz
Approx 70% complete for SRR24413071_forward_unpaired.fq.gz
Approx 5% complete for SRR24413065_reverse_paired.fq.gz
Approx 75% complete for SRR24413071_forward_unpaired.fq.gz
Approx 80% complete for SRR24413071_forward_unpaired.fq.gz
Approx 5% complete for SRR24413071_forward_paired.fq.gz
Approx 85% complete for SRR24413071_forward_unpaired.fq.gz
Approx 90% complete for SRR24413071_forward_unpaired.fq.gz
Approx 95% complete for SRR24413071_forward_unpaired.fq.gz
Analysis complete for SRR24413071_forward_unpaired.fq.gz
Started analysis of SRR24413071_reverse_paired.fq.gz
Approx 10% complete for SRR24413065_forward_paired.fq.gz
Started analysis of SRR24413071_reverse_unpaired.fq.gz
Analysis complete for SRR24413071_reverse_unpaired.fq.gz
Approx 10% complete for SRR24413065_reverse_paired.fq.gz
Started analysis of SRR24413080_forward_paired.fq.gz
Started analysis of SRR24413080_forward_unpaired.fq.gz
Approx 5% complete for SRR24413080_forward_unpaired.fq.gz
Approx 10% complete for SRR24413080_forward_unpaired.fq.gz
Approx 15% complete for SRR24413080_forward_unpaired.fq.gz
Approx 20% complete for SRR24413080_forward_unpaired.fq.gz
Approx 25% complete for SRR24413080_forward_unpaired.fq.gz
Approx 30% complete for SRR24413080_forward_unpaired.fq.gz
Approx 10% complete for SRR24413071_forward_paired.fq.gz
Approx 35% complete for SRR24413080_forward_unpaired.fq.gz
Approx 40% complete for SRR24413080_forward_unpaired.fq.gz
Approx 45% complete for SRR24413080_forward_unpaired.fq.gz
Approx 50% complete for SRR24413080_forward_unpaired.fq.gz
Approx 55% complete for SRR24413080_forward_unpaired.fq.gz
Approx 60% complete for SRR24413080_forward_unpaired.fq.gz
Approx 65% complete for SRR24413080_forward_unpaired.fq.gz
Approx 5% complete for SRR24413071_reverse_paired.fq.gz
Approx 70% complete for SRR24413080_forward_unpaired.fq.gz
Approx 5% complete for SRR24413080_forward_paired.fq.gz
Approx 15% complete for SRR24413065_reverse_paired.fq.gz
Approx 75% complete for SRR24413080_forward_unpaired.fq.gz
Approx 15% complete for SRR24413065_forward_paired.fq.gz
Approx 80% complete for SRR24413080_forward_unpaired.fq.gz
Approx 85% complete for SRR24413080_forward_unpaired.fq.gz
Approx 90% complete for SRR24413080_forward_unpaired.fq.gz
Approx 95% complete for SRR24413080_forward_unpaired.fq.gz
Analysis complete for SRR24413080_forward_unpaired.fq.gz
Approx 10% complete for SRR24413080_forward_paired.fq.gz
Approx 20% complete for SRR24413065_reverse_paired.fq.gz
Approx 20% complete for SRR24413065_forward_paired.fq.gz
Approx 15% complete for SRR24413071_forward_paired.fq.gz
Approx 10% complete for SRR24413071_reverse_paired.fq.gz
Started analysis of SRR24413080_reverse_paired.fq.gz
Approx 15% complete for SRR24413080_forward_paired.fq.gz
Approx 25% complete for SRR24413065_reverse_paired.fq.gz
Approx 25% complete for SRR24413065_forward_paired.fq.gz
Approx 5% complete for SRR24413080_reverse_paired.fq.gz
Approx 20% complete for SRR24413071_forward_paired.fq.gz
Approx 15% complete for SRR24413071_reverse_paired.fq.gz
Approx 20% complete for SRR24413080_forward_paired.fq.gz
Approx 30% complete for SRR24413065_forward_paired.fq.gz
Approx 30% complete for SRR24413065_reverse_paired.fq.gz
Approx 10% complete for SRR24413080_reverse_paired.fq.gz
Approx 25% complete for SRR24413071_forward_paired.fq.gz
Approx 25% complete for SRR24413080_forward_paired.fq.gz
Approx 20% complete for SRR24413071_reverse_paired.fq.gz
Approx 35% complete for SRR24413065_forward_paired.fq.gz
Approx 35% complete for SRR24413065_reverse_paired.fq.gz
Approx 15% complete for SRR24413080_reverse_paired.fq.gz
Approx 30% complete for SRR24413080_forward_paired.fq.gz
Approx 30% complete for SRR24413071_forward_paired.fq.gz
Approx 25% complete for SRR24413071_reverse_paired.fq.gz
Approx 40% complete for SRR24413065_forward_paired.fq.gz
Approx 40% complete for SRR24413065_reverse_paired.fq.gz
Approx 20% complete for SRR24413080_reverse_paired.fq.gz
Approx 35% complete for SRR24413080_forward_paired.fq.gz
Approx 35% complete for SRR24413071_forward_paired.fq.gz
Approx 45% complete for SRR24413065_forward_paired.fq.gz
Approx 25% complete for SRR24413080_reverse_paired.fq.gz
Approx 45% complete for SRR24413065_reverse_paired.fq.gz
Approx 30% complete for SRR24413071_reverse_paired.fq.gz
Approx 40% complete for SRR24413080_forward_paired.fq.gz
Approx 50% complete for SRR24413065_forward_paired.fq.gz
Approx 30% complete for SRR24413080_reverse_paired.fq.gz
Approx 40% complete for SRR24413071_forward_paired.fq.gz
Approx 45% complete for SRR24413080_forward_paired.fq.gz
Approx 50% complete for SRR24413065_reverse_paired.fq.gz
Approx 35% complete for SRR24413071_reverse_paired.fq.gz
Approx 55% complete for SRR24413065_forward_paired.fq.gz
Approx 35% complete for SRR24413080_reverse_paired.fq.gz
Approx 50% complete for SRR24413080_forward_paired.fq.gz
Approx 45% complete for SRR24413071_forward_paired.fq.gz
Approx 55% complete for SRR24413065_reverse_paired.fq.gz
Approx 40% complete for SRR24413071_reverse_paired.fq.gz
Approx 60% complete for SRR24413065_forward_paired.fq.gz
Approx 40% complete for SRR24413080_reverse_paired.fq.gz
Approx 55% complete for SRR24413080_forward_paired.fq.gz
Approx 60% complete for SRR24413065_reverse_paired.fq.gz
Approx 50% complete for SRR24413071_forward_paired.fq.gz
Approx 45% complete for SRR24413080_reverse_paired.fq.gz
Approx 65% complete for SRR24413065_forward_paired.fq.gz
Approx 60% complete for SRR24413080_forward_paired.fq.gz
Approx 45% complete for SRR24413071_reverse_paired.fq.gz
Approx 65% complete for SRR24413065_reverse_paired.fq.gz
Approx 55% complete for SRR24413071_forward_paired.fq.gz
Approx 50% complete for SRR24413080_reverse_paired.fq.gz
Approx 70% complete for SRR24413065_forward_paired.fq.gz
Approx 65% complete for SRR24413080_forward_paired.fq.gz
Approx 50% complete for SRR24413071_reverse_paired.fq.gz
Approx 70% complete for SRR24413065_reverse_paired.fq.gz
Approx 55% complete for SRR24413080_reverse_paired.fq.gz
Approx 70% complete for SRR24413080_forward_paired.fq.gz
Approx 60% complete for SRR24413071_forward_paired.fq.gz
Approx 75% complete for SRR24413065_forward_paired.fq.gz
Approx 55% complete for SRR24413071_reverse_paired.fq.gz
Approx 75% complete for SRR24413065_reverse_paired.fq.gz
Approx 75% complete for SRR24413080_forward_paired.fq.gz
Approx 60% complete for SRR24413080_reverse_paired.fq.gz
Approx 80% complete for SRR24413065_forward_paired.fq.gz
Approx 65% complete for SRR24413071_forward_paired.fq.gz
Approx 80% complete for SRR24413080_forward_paired.fq.gz
Approx 65% complete for SRR24413080_reverse_paired.fq.gz
Approx 80% complete for SRR24413065_reverse_paired.fq.gz
Approx 85% complete for SRR24413065_forward_paired.fq.gz
Approx 60% complete for SRR24413071_reverse_paired.fq.gz
Approx 70% complete for SRR24413071_forward_paired.fq.gz
Approx 85% complete for SRR24413080_forward_paired.fq.gz
Approx 70% complete for SRR24413080_reverse_paired.fq.gz
Approx 85% complete for SRR24413065_reverse_paired.fq.gz
Approx 90% complete for SRR24413065_forward_paired.fq.gz
Approx 65% complete for SRR24413071_reverse_paired.fq.gz
Approx 75% complete for SRR24413071_forward_paired.fq.gz
Approx 90% complete for SRR24413080_forward_paired.fq.gz
Approx 75% complete for SRR24413080_reverse_paired.fq.gz
Approx 95% complete for SRR24413065_forward_paired.fq.gz
Approx 90% complete for SRR24413065_reverse_paired.fq.gz
Approx 95% complete for SRR24413080_forward_paired.fq.gz
Approx 70% complete for SRR24413071_reverse_paired.fq.gz
Approx 80% complete for SRR24413080_reverse_paired.fq.gz
Approx 80% complete for SRR24413071_forward_paired.fq.gz
Analysis complete for SRR24413065_forward_paired.fq.gz
Approx 95% complete for SRR24413065_reverse_paired.fq.gz
Analysis complete for SRR24413080_forward_paired.fq.gz
Approx 85% complete for SRR24413080_reverse_paired.fq.gz
Approx 75% complete for SRR24413071_reverse_paired.fq.gz
Started analysis of SRR24413080_reverse_unpaired.fq.gz
Analysis complete for SRR24413080_reverse_unpaired.fq.gz
Approx 85% complete for SRR24413071_forward_paired.fq.gz
Analysis complete for SRR24413065_reverse_paired.fq.gz
Approx 90% complete for SRR24413080_reverse_paired.fq.gz
Approx 80% complete for SRR24413071_reverse_paired.fq.gz
Approx 90% complete for SRR24413071_forward_paired.fq.gz
Approx 95% complete for SRR24413080_reverse_paired.fq.gz
Approx 95% complete for SRR24413071_forward_paired.fq.gz
Approx 85% complete for SRR24413071_reverse_paired.fq.gz
Analysis complete for SRR24413080_reverse_paired.fq.gz
Analysis complete for SRR24413071_forward_paired.fq.gz
Approx 90% complete for SRR24413071_reverse_paired.fq.gz
Approx 95% complete for SRR24413071_reverse_paired.fq.gz
Analysis complete for SRR24413071_reverse_paired.fq.gz
Started analysis of SRR24516456_forward_paired.fq.gz
Started analysis of SRR24516456_forward_unpaired.fq.gz
Approx 35% complete for SRR24516456_forward_unpaired.fq.gz
Approx 70% complete for SRR24516456_forward_unpaired.fq.gz
Analysis complete for SRR24516456_forward_unpaired.fq.gz
Started analysis of SRR24516456_reverse_paired.fq.gz
Started analysis of SRR24516456_reverse_unpaired.fq.gz
Approx 15% complete for SRR24516456_reverse_unpaired.fq.gz
Approx 35% complete for SRR24516456_reverse_unpaired.fq.gz
Approx 50% complete for SRR24516456_reverse_unpaired.fq.gz
Approx 70% complete for SRR24516456_reverse_unpaired.fq.gz
Approx 85% complete for SRR24516456_reverse_unpaired.fq.gz
Analysis complete for SRR24516456_reverse_unpaired.fq.gz
Started analysis of SRR24516457_forward_paired.fq.gz
Started analysis of SRR24516457_forward_unpaired.fq.gz
Analysis complete for SRR24516457_forward_unpaired.fq.gz
Started analysis of SRR24516457_reverse_paired.fq.gz
Started analysis of SRR24516457_reverse_unpaired.fq.gz
Analysis complete for SRR24516457_reverse_unpaired.fq.gz
Approx 5% complete for SRR24516457_forward_paired.fq.gz
Approx 5% complete for SRR24516456_reverse_paired.fq.gz
Approx 5% complete for SRR24516456_forward_paired.fq.gz
Started analysis of SRR24516458_forward_paired.fq.gz
Approx 5% complete for SRR24516457_reverse_paired.fq.gz
Started analysis of SRR24516458_forward_unpaired.fq.gz
Analysis complete for SRR24516458_forward_unpaired.fq.gz
Approx 10% complete for SRR24516457_forward_paired.fq.gz
Approx 5% complete for SRR24516458_forward_paired.fq.gz
Approx 10% complete for SRR24516457_reverse_paired.fq.gz
Approx 10% complete for SRR24516456_forward_paired.fq.gz
Approx 10% complete for SRR24516456_reverse_paired.fq.gz
Started analysis of SRR24516458_reverse_paired.fq.gz
Approx 15% complete for SRR24516457_forward_paired.fq.gz
Approx 15% complete for SRR24516457_reverse_paired.fq.gz
Approx 10% complete for SRR24516458_forward_paired.fq.gz
Approx 5% complete for SRR24516458_reverse_paired.fq.gz
Approx 20% complete for SRR24516457_forward_paired.fq.gz
Approx 15% complete for SRR24516456_forward_paired.fq.gz
Approx 15% complete for SRR24516456_reverse_paired.fq.gz
Approx 20% complete for SRR24516457_reverse_paired.fq.gz
Approx 10% complete for SRR24516458_reverse_paired.fq.gz
Approx 15% complete for SRR24516458_forward_paired.fq.gz
Approx 25% complete for SRR24516457_forward_paired.fq.gz
Approx 20% complete for SRR24516456_forward_paired.fq.gz
Approx 20% complete for SRR24516456_reverse_paired.fq.gz
Approx 25% complete for SRR24516457_reverse_paired.fq.gz
Approx 15% complete for SRR24516458_reverse_paired.fq.gz
Approx 20% complete for SRR24516458_forward_paired.fq.gz
Approx 30% complete for SRR24516457_forward_paired.fq.gz
Approx 20% complete for SRR24516458_reverse_paired.fq.gz
Approx 25% complete for SRR24516458_forward_paired.fq.gz
Approx 30% complete for SRR24516457_reverse_paired.fq.gz
Approx 25% complete for SRR24516456_forward_paired.fq.gz
Approx 25% complete for SRR24516456_reverse_paired.fq.gz
Approx 35% complete for SRR24516457_forward_paired.fq.gz
Approx 25% complete for SRR24516458_reverse_paired.fq.gz
Approx 35% complete for SRR24516457_reverse_paired.fq.gz
Approx 30% complete for SRR24516458_forward_paired.fq.gz
Approx 30% complete for SRR24516456_forward_paired.fq.gz
Approx 30% complete for SRR24516456_reverse_paired.fq.gz
Approx 40% complete for SRR24516457_forward_paired.fq.gz
Approx 30% complete for SRR24516458_reverse_paired.fq.gz
Approx 40% complete for SRR24516457_reverse_paired.fq.gz
Approx 35% complete for SRR24516458_forward_paired.fq.gz
Approx 45% complete for SRR24516457_forward_paired.fq.gz
Approx 35% complete for SRR24516456_forward_paired.fq.gz
Approx 35% complete for SRR24516456_reverse_paired.fq.gz
Approx 35% complete for SRR24516458_reverse_paired.fq.gz
Approx 45% complete for SRR24516457_reverse_paired.fq.gz
Approx 40% complete for SRR24516458_forward_paired.fq.gz
Approx 50% complete for SRR24516457_forward_paired.fq.gz
Approx 40% complete for SRR24516458_reverse_paired.fq.gz
Approx 40% complete for SRR24516456_forward_paired.fq.gz
Approx 50% complete for SRR24516457_reverse_paired.fq.gz
Approx 40% complete for SRR24516456_reverse_paired.fq.gz
Approx 45% complete for SRR24516458_forward_paired.fq.gz
Approx 55% complete for SRR24516457_forward_paired.fq.gz
Approx 45% complete for SRR24516458_reverse_paired.fq.gz
Approx 55% complete for SRR24516457_reverse_paired.fq.gz
Approx 50% complete for SRR24516458_forward_paired.fq.gz
Approx 45% complete for SRR24516456_forward_paired.fq.gz
Approx 45% complete for SRR24516456_reverse_paired.fq.gz
Approx 60% complete for SRR24516457_forward_paired.fq.gz
Approx 50% complete for SRR24516458_reverse_paired.fq.gz
Approx 60% complete for SRR24516457_reverse_paired.fq.gz
Approx 55% complete for SRR24516458_forward_paired.fq.gz
Approx 65% complete for SRR24516457_forward_paired.fq.gz
Approx 50% complete for SRR24516456_forward_paired.fq.gz
Approx 55% complete for SRR24516458_reverse_paired.fq.gz
Approx 50% complete for SRR24516456_reverse_paired.fq.gz
Approx 60% complete for SRR24516458_forward_paired.fq.gz
Approx 65% complete for SRR24516457_reverse_paired.fq.gz
Approx 70% complete for SRR24516457_forward_paired.fq.gz
Approx 60% complete for SRR24516458_reverse_paired.fq.gz
Approx 55% complete for SRR24516456_forward_paired.fq.gz
Approx 65% complete for SRR24516458_forward_paired.fq.gz
Approx 55% complete for SRR24516456_reverse_paired.fq.gz
Approx 70% complete for SRR24516457_reverse_paired.fq.gz
Approx 75% complete for SRR24516457_forward_paired.fq.gz
Approx 65% complete for SRR24516458_reverse_paired.fq.gz
Approx 60% complete for SRR24516456_forward_paired.fq.gz
Approx 70% complete for SRR24516458_forward_paired.fq.gz
Approx 75% complete for SRR24516457_reverse_paired.fq.gz
Approx 60% complete for SRR24516456_reverse_paired.fq.gz
Approx 80% complete for SRR24516457_forward_paired.fq.gz
Approx 70% complete for SRR24516458_reverse_paired.fq.gz
Approx 75% complete for SRR24516458_forward_paired.fq.gz
Approx 80% complete for SRR24516457_reverse_paired.fq.gz
Approx 65% complete for SRR24516456_forward_paired.fq.gz
Approx 75% complete for SRR24516458_reverse_paired.fq.gz
Approx 85% complete for SRR24516457_forward_paired.fq.gz
Approx 65% complete for SRR24516456_reverse_paired.fq.gz
Approx 80% complete for SRR24516458_forward_paired.fq.gz
Approx 85% complete for SRR24516457_reverse_paired.fq.gz
Approx 70% complete for SRR24516456_forward_paired.fq.gz
Approx 80% complete for SRR24516458_reverse_paired.fq.gz
Approx 90% complete for SRR24516457_forward_paired.fq.gz
Approx 85% complete for SRR24516458_forward_paired.fq.gz
Approx 70% complete for SRR24516456_reverse_paired.fq.gz
Approx 90% complete for SRR24516457_reverse_paired.fq.gz
Approx 95% complete for SRR24516457_forward_paired.fq.gz
Approx 85% complete for SRR24516458_reverse_paired.fq.gz
Approx 75% complete for SRR24516456_forward_paired.fq.gz
Approx 90% complete for SRR24516458_forward_paired.fq.gz
Approx 95% complete for SRR24516457_reverse_paired.fq.gz
Approx 75% complete for SRR24516456_reverse_paired.fq.gz
Analysis complete for SRR24516457_forward_paired.fq.gz
Approx 90% complete for SRR24516458_reverse_paired.fq.gz
Approx 95% complete for SRR24516458_forward_paired.fq.gz
Approx 80% complete for SRR24516456_forward_paired.fq.gz
Analysis complete for SRR24516457_reverse_paired.fq.gz
Analysis complete for SRR24516458_forward_paired.fq.gz
Approx 95% complete for SRR24516458_reverse_paired.fq.gz
Approx 80% complete for SRR24516456_reverse_paired.fq.gz
Approx 85% complete for SRR24516456_forward_paired.fq.gz
Analysis complete for SRR24516458_reverse_paired.fq.gz
Started analysis of SRR24516458_reverse_unpaired.fq.gz
Analysis complete for SRR24516458_reverse_unpaired.fq.gz
Approx 85% complete for SRR24516456_reverse_paired.fq.gz
Started analysis of SRR24516459_forward_paired.fq.gz
Approx 90% complete for SRR24516456_forward_paired.fq.gz
Started analysis of SRR24516459_forward_unpaired.fq.gz
Analysis complete for SRR24516459_forward_unpaired.fq.gz
Started analysis of SRR24516459_reverse_paired.fq.gz
Started analysis of SRR24516459_reverse_unpaired.fq.gz
Analysis complete for SRR24516459_reverse_unpaired.fq.gz
Approx 90% complete for SRR24516456_reverse_paired.fq.gz
Approx 95% complete for SRR24516456_forward_paired.fq.gz
Started analysis of SRR24516460_forward_paired.fq.gz
Approx 5% complete for SRR24516459_forward_paired.fq.gz
Approx 5% complete for SRR24516459_reverse_paired.fq.gz
Analysis complete for SRR24516456_forward_paired.fq.gz
Approx 95% complete for SRR24516456_reverse_paired.fq.gz
Started analysis of SRR24516460_forward_unpaired.fq.gz
Analysis complete for SRR24516460_forward_unpaired.fq.gz
Approx 5% complete for SRR24516460_forward_paired.fq.gz
Approx 10% complete for SRR24516459_forward_paired.fq.gz
Analysis complete for SRR24516456_reverse_paired.fq.gz
Approx 10% complete for SRR24516459_reverse_paired.fq.gz
Started analysis of SRR24516460_reverse_paired.fq.gz
Approx 10% complete for SRR24516460_forward_paired.fq.gz
Approx 15% complete for SRR24516459_forward_paired.fq.gz
Started analysis of SRR24516460_reverse_unpaired.fq.gz
Analysis complete for SRR24516460_reverse_unpaired.fq.gz
Approx 15% complete for SRR24516459_reverse_paired.fq.gz
Started analysis of SRR24516461_forward_paired.fq.gz
Approx 5% complete for SRR24516460_reverse_paired.fq.gz
Approx 20% complete for SRR24516459_forward_paired.fq.gz
Approx 15% complete for SRR24516460_forward_paired.fq.gz
Started analysis of SRR24516461_forward_unpaired.fq.gz
Analysis complete for SRR24516461_forward_unpaired.fq.gz
Approx 20% complete for SRR24516459_reverse_paired.fq.gz
Approx 5% complete for SRR24516461_forward_paired.fq.gz
Approx 10% complete for SRR24516460_reverse_paired.fq.gz
Approx 25% complete for SRR24516459_forward_paired.fq.gz
Approx 20% complete for SRR24516460_forward_paired.fq.gz
Started analysis of SRR24516461_reverse_paired.fq.gz
Approx 10% complete for SRR24516461_forward_paired.fq.gz
Approx 25% complete for SRR24516459_reverse_paired.fq.gz
Approx 25% complete for SRR24516460_forward_paired.fq.gz
Approx 15% complete for SRR24516460_reverse_paired.fq.gz
Approx 30% complete for SRR24516459_forward_paired.fq.gz
Approx 5% complete for SRR24516461_reverse_paired.fq.gz
Approx 15% complete for SRR24516461_forward_paired.fq.gz
Approx 30% complete for SRR24516459_reverse_paired.fq.gz
Approx 30% complete for SRR24516460_forward_paired.fq.gz
Approx 20% complete for SRR24516460_reverse_paired.fq.gz
Approx 35% complete for SRR24516459_forward_paired.fq.gz
Approx 10% complete for SRR24516461_reverse_paired.fq.gz
Approx 20% complete for SRR24516461_forward_paired.fq.gz
Approx 35% complete for SRR24516459_reverse_paired.fq.gz
Approx 25% complete for SRR24516460_reverse_paired.fq.gz
Approx 35% complete for SRR24516460_forward_paired.fq.gz
Approx 40% complete for SRR24516459_forward_paired.fq.gz
Approx 15% complete for SRR24516461_reverse_paired.fq.gz
Approx 25% complete for SRR24516461_forward_paired.fq.gz
Approx 40% complete for SRR24516459_reverse_paired.fq.gz
Approx 30% complete for SRR24516460_reverse_paired.fq.gz
Approx 40% complete for SRR24516460_forward_paired.fq.gz
Approx 45% complete for SRR24516459_forward_paired.fq.gz
Approx 30% complete for SRR24516461_forward_paired.fq.gz
Approx 20% complete for SRR24516461_reverse_paired.fq.gz
Approx 45% complete for SRR24516459_reverse_paired.fq.gz
Approx 35% complete for SRR24516460_reverse_paired.fq.gz
Approx 45% complete for SRR24516460_forward_paired.fq.gz
Approx 35% complete for SRR24516461_forward_paired.fq.gz
Approx 50% complete for SRR24516459_forward_paired.fq.gz
Approx 25% complete for SRR24516461_reverse_paired.fq.gz
Approx 50% complete for SRR24516459_reverse_paired.fq.gz
Approx 40% complete for SRR24516460_reverse_paired.fq.gz
Approx 50% complete for SRR24516460_forward_paired.fq.gz
Approx 40% complete for SRR24516461_forward_paired.fq.gz
Approx 30% complete for SRR24516461_reverse_paired.fq.gz
Approx 55% complete for SRR24516459_forward_paired.fq.gz
Approx 55% complete for SRR24516459_reverse_paired.fq.gz
Approx 45% complete for SRR24516461_forward_paired.fq.gz
Approx 45% complete for SRR24516460_reverse_paired.fq.gz
Approx 55% complete for SRR24516460_forward_paired.fq.gz
Approx 35% complete for SRR24516461_reverse_paired.fq.gz
Approx 60% complete for SRR24516459_forward_paired.fq.gz
Approx 50% complete for SRR24516461_forward_paired.fq.gz
Approx 60% complete for SRR24516459_reverse_paired.fq.gz
Approx 40% complete for SRR24516461_reverse_paired.fq.gz
Approx 60% complete for SRR24516460_forward_paired.fq.gz
Approx 50% complete for SRR24516460_reverse_paired.fq.gz
Approx 65% complete for SRR24516459_forward_paired.fq.gz
Approx 55% complete for SRR24516461_forward_paired.fq.gz
Approx 45% complete for SRR24516461_reverse_paired.fq.gz
Approx 65% complete for SRR24516459_reverse_paired.fq.gz
Approx 65% complete for SRR24516460_forward_paired.fq.gz
Approx 55% complete for SRR24516460_reverse_paired.fq.gz
Approx 70% complete for SRR24516459_forward_paired.fq.gz
Approx 60% complete for SRR24516461_forward_paired.fq.gz
Approx 50% complete for SRR24516461_reverse_paired.fq.gz
Approx 70% complete for SRR24516460_forward_paired.fq.gz
Approx 70% complete for SRR24516459_reverse_paired.fq.gz
Approx 60% complete for SRR24516460_reverse_paired.fq.gz
Approx 75% complete for SRR24516459_forward_paired.fq.gz
Approx 65% complete for SRR24516461_forward_paired.fq.gz
Approx 55% complete for SRR24516461_reverse_paired.fq.gz
Approx 75% complete for SRR24516460_forward_paired.fq.gz
Approx 75% complete for SRR24516459_reverse_paired.fq.gz
Approx 65% complete for SRR24516460_reverse_paired.fq.gz
Approx 80% complete for SRR24516459_forward_paired.fq.gz
Approx 70% complete for SRR24516461_forward_paired.fq.gz
Approx 60% complete for SRR24516461_reverse_paired.fq.gz
Approx 80% complete for SRR24516460_forward_paired.fq.gz
Approx 80% complete for SRR24516459_reverse_paired.fq.gz
Approx 70% complete for SRR24516460_reverse_paired.fq.gz
Approx 85% complete for SRR24516459_forward_paired.fq.gz
Approx 75% complete for SRR24516461_forward_paired.fq.gz
Approx 65% complete for SRR24516461_reverse_paired.fq.gz
Approx 85% complete for SRR24516460_forward_paired.fq.gz
Approx 85% complete for SRR24516459_reverse_paired.fq.gz
Approx 75% complete for SRR24516460_reverse_paired.fq.gz
Approx 80% complete for SRR24516461_forward_paired.fq.gz
Approx 90% complete for SRR24516459_forward_paired.fq.gz
Approx 70% complete for SRR24516461_reverse_paired.fq.gz
Approx 90% complete for SRR24516460_forward_paired.fq.gz
Approx 80% complete for SRR24516460_reverse_paired.fq.gz
Approx 90% complete for SRR24516459_reverse_paired.fq.gz
Approx 85% complete for SRR24516461_forward_paired.fq.gz
Approx 95% complete for SRR24516459_forward_paired.fq.gz
Approx 75% complete for SRR24516461_reverse_paired.fq.gz
Approx 95% complete for SRR24516460_forward_paired.fq.gz
Approx 90% complete for SRR24516461_forward_paired.fq.gz
Approx 85% complete for SRR24516460_reverse_paired.fq.gz
Approx 95% complete for SRR24516459_reverse_paired.fq.gz
Analysis complete for SRR24516459_forward_paired.fq.gz
Approx 80% complete for SRR24516461_reverse_paired.fq.gz
Approx 95% complete for SRR24516461_forward_paired.fq.gz
Analysis complete for SRR24516460_forward_paired.fq.gz
Approx 90% complete for SRR24516460_reverse_paired.fq.gz
Analysis complete for SRR24516459_reverse_paired.fq.gz
Approx 85% complete for SRR24516461_reverse_paired.fq.gz
Started analysis of SRR24516461_reverse_unpaired.fq.gz
Approx 70% complete for SRR24516461_reverse_unpaired.fq.gz
Analysis complete for SRR24516461_reverse_unpaired.fq.gz
Analysis complete for SRR24516461_forward_paired.fq.gz
Approx 95% complete for SRR24516460_reverse_paired.fq.gz
Approx 90% complete for SRR24516461_reverse_paired.fq.gz
Started analysis of SRR24516462_forward_paired.fq.gz
Started analysis of SRR24516462_forward_unpaired.fq.gz
Analysis complete for SRR24516462_forward_unpaired.fq.gz
Started analysis of SRR24516462_reverse_paired.fq.gz
Analysis complete for SRR24516460_reverse_paired.fq.gz
Started analysis of SRR24516462_reverse_unpaired.fq.gz
Analysis complete for SRR24516462_reverse_unpaired.fq.gz
Approx 95% complete for SRR24516461_reverse_paired.fq.gz
Approx 5% complete for SRR24516462_forward_paired.fq.gz
Started analysis of SRR24516463_forward_paired.fq.gz
Approx 5% complete for SRR24516462_reverse_paired.fq.gz
Started analysis of SRR24516463_forward_unpaired.fq.gz
Analysis complete for SRR24516463_forward_unpaired.fq.gz
Analysis complete for SRR24516461_reverse_paired.fq.gz
Approx 10% complete for SRR24516462_forward_paired.fq.gz
Started analysis of SRR24516463_reverse_paired.fq.gz
Approx 5% complete for SRR24516463_forward_paired.fq.gz
Approx 10% complete for SRR24516462_reverse_paired.fq.gz
Approx 15% complete for SRR24516462_forward_paired.fq.gz
Approx 5% complete for SRR24516463_reverse_paired.fq.gz
Approx 10% complete for SRR24516463_forward_paired.fq.gz
Started analysis of SRR24516463_reverse_unpaired.fq.gz
Analysis complete for SRR24516463_reverse_unpaired.fq.gz
Started analysis of SRR24516464_forward_paired.fq.gz
Approx 15% complete for SRR24516462_reverse_paired.fq.gz
Approx 20% complete for SRR24516462_forward_paired.fq.gz
Approx 10% complete for SRR24516463_reverse_paired.fq.gz
Approx 15% complete for SRR24516463_forward_paired.fq.gz
Approx 5% complete for SRR24516464_forward_paired.fq.gz
Approx 20% complete for SRR24516462_reverse_paired.fq.gz
Approx 25% complete for SRR24516462_forward_paired.fq.gz
Approx 20% complete for SRR24516463_forward_paired.fq.gz
Approx 15% complete for SRR24516463_reverse_paired.fq.gz
Approx 25% complete for SRR24516462_reverse_paired.fq.gz
Approx 10% complete for SRR24516464_forward_paired.fq.gz
Approx 30% complete for SRR24516462_forward_paired.fq.gz
Started analysis of SRR24516464_forward_unpaired.fq.gz
Analysis complete for SRR24516464_forward_unpaired.fq.gz
Approx 25% complete for SRR24516463_forward_paired.fq.gz
Approx 20% complete for SRR24516463_reverse_paired.fq.gz
Approx 30% complete for SRR24516462_reverse_paired.fq.gz
Approx 15% complete for SRR24516464_forward_paired.fq.gz
Approx 35% complete for SRR24516462_forward_paired.fq.gz
Approx 30% complete for SRR24516463_forward_paired.fq.gz
Approx 25% complete for SRR24516463_reverse_paired.fq.gz
Started analysis of SRR24516464_reverse_paired.fq.gz
Approx 35% complete for SRR24516462_reverse_paired.fq.gz
Approx 40% complete for SRR24516462_forward_paired.fq.gz
Approx 20% complete for SRR24516464_forward_paired.fq.gz
Approx 30% complete for SRR24516463_reverse_paired.fq.gz
Approx 35% complete for SRR24516463_forward_paired.fq.gz
Approx 40% complete for SRR24516462_reverse_paired.fq.gz
Approx 5% complete for SRR24516464_reverse_paired.fq.gz
Approx 45% complete for SRR24516462_forward_paired.fq.gz
Approx 35% complete for SRR24516463_reverse_paired.fq.gz
Approx 25% complete for SRR24516464_forward_paired.fq.gz
Approx 40% complete for SRR24516463_forward_paired.fq.gz
Approx 45% complete for SRR24516462_reverse_paired.fq.gz
Approx 10% complete for SRR24516464_reverse_paired.fq.gz
Approx 50% complete for SRR24516462_forward_paired.fq.gz
Approx 40% complete for SRR24516463_reverse_paired.fq.gz
Approx 30% complete for SRR24516464_forward_paired.fq.gz
Approx 45% complete for SRR24516463_forward_paired.fq.gz
Approx 50% complete for SRR24516462_reverse_paired.fq.gz
Approx 15% complete for SRR24516464_reverse_paired.fq.gz
Approx 55% complete for SRR24516462_forward_paired.fq.gz
Approx 45% complete for SRR24516463_reverse_paired.fq.gz
Approx 50% complete for SRR24516463_forward_paired.fq.gz
Approx 35% complete for SRR24516464_forward_paired.fq.gz
Approx 55% complete for SRR24516462_reverse_paired.fq.gz
Approx 20% complete for SRR24516464_reverse_paired.fq.gz
Approx 60% complete for SRR24516462_forward_paired.fq.gz
Approx 50% complete for SRR24516463_reverse_paired.fq.gz
Approx 55% complete for SRR24516463_forward_paired.fq.gz
Approx 40% complete for SRR24516464_forward_paired.fq.gz
Approx 60% complete for SRR24516462_reverse_paired.fq.gz
Approx 25% complete for SRR24516464_reverse_paired.fq.gz
Approx 65% complete for SRR24516462_forward_paired.fq.gz
Approx 55% complete for SRR24516463_reverse_paired.fq.gz
Approx 60% complete for SRR24516463_forward_paired.fq.gz
Approx 65% complete for SRR24516462_reverse_paired.fq.gz
Approx 45% complete for SRR24516464_forward_paired.fq.gz
Approx 30% complete for SRR24516464_reverse_paired.fq.gz
Approx 70% complete for SRR24516462_forward_paired.fq.gz
Approx 60% complete for SRR24516463_reverse_paired.fq.gz
Approx 65% complete for SRR24516463_forward_paired.fq.gz
Approx 70% complete for SRR24516462_reverse_paired.fq.gz
Approx 50% complete for SRR24516464_forward_paired.fq.gz
Approx 35% complete for SRR24516464_reverse_paired.fq.gz
Approx 75% complete for SRR24516462_forward_paired.fq.gz
Approx 65% complete for SRR24516463_reverse_paired.fq.gz
Approx 70% complete for SRR24516463_forward_paired.fq.gz
Approx 75% complete for SRR24516462_reverse_paired.fq.gz
Approx 55% complete for SRR24516464_forward_paired.fq.gz
Approx 80% complete for SRR24516462_forward_paired.fq.gz
Approx 40% complete for SRR24516464_reverse_paired.fq.gz
Approx 70% complete for SRR24516463_reverse_paired.fq.gz
Approx 75% complete for SRR24516463_forward_paired.fq.gz
Approx 80% complete for SRR24516462_reverse_paired.fq.gz
Approx 60% complete for SRR24516464_forward_paired.fq.gz
Approx 85% complete for SRR24516462_forward_paired.fq.gz
Approx 75% complete for SRR24516463_reverse_paired.fq.gz
Approx 45% complete for SRR24516464_reverse_paired.fq.gz
Approx 80% complete for SRR24516463_forward_paired.fq.gz
Approx 85% complete for SRR24516462_reverse_paired.fq.gz
Approx 65% complete for SRR24516464_forward_paired.fq.gz
Approx 90% complete for SRR24516462_forward_paired.fq.gz
Approx 80% complete for SRR24516463_reverse_paired.fq.gz
Approx 50% complete for SRR24516464_reverse_paired.fq.gz
Approx 85% complete for SRR24516463_forward_paired.fq.gz
Approx 90% complete for SRR24516462_reverse_paired.fq.gz
Approx 70% complete for SRR24516464_forward_paired.fq.gz
Approx 95% complete for SRR24516462_forward_paired.fq.gz
Approx 85% complete for SRR24516463_reverse_paired.fq.gz
Approx 55% complete for SRR24516464_reverse_paired.fq.gz
Approx 90% complete for SRR24516463_forward_paired.fq.gz
Approx 95% complete for SRR24516462_reverse_paired.fq.gz
Analysis complete for SRR24516462_forward_paired.fq.gz
Approx 75% complete for SRR24516464_forward_paired.fq.gz
Approx 90% complete for SRR24516463_reverse_paired.fq.gz
Approx 95% complete for SRR24516463_forward_paired.fq.gz
Approx 60% complete for SRR24516464_reverse_paired.fq.gz
Analysis complete for SRR24516462_reverse_paired.fq.gz
Approx 80% complete for SRR24516464_forward_paired.fq.gz
Approx 95% complete for SRR24516463_reverse_paired.fq.gz
Started analysis of SRR24516464_reverse_unpaired.fq.gz
Approx 75% complete for SRR24516464_reverse_unpaired.fq.gz
Analysis complete for SRR24516464_reverse_unpaired.fq.gz
Analysis complete for SRR24516463_forward_paired.fq.gz
Approx 65% complete for SRR24516464_reverse_paired.fq.gz
Analysis complete for SRR24516463_reverse_paired.fq.gz
Approx 85% complete for SRR24516464_forward_paired.fq.gz
Approx 70% complete for SRR24516464_reverse_paired.fq.gz
Approx 90% complete for SRR24516464_forward_paired.fq.gz
Approx 75% complete for SRR24516464_reverse_paired.fq.gz
Approx 95% complete for SRR24516464_forward_paired.fq.gz
Approx 80% complete for SRR24516464_reverse_paired.fq.gz
Analysis complete for SRR24516464_forward_paired.fq.gz
Approx 85% complete for SRR24516464_reverse_paired.fq.gz
Approx 90% complete for SRR24516464_reverse_paired.fq.gz
Approx 95% complete for SRR24516464_reverse_paired.fq.gz
Analysis complete for SRR24516464_reverse_paired.fq.gz
